<?xml version="1.0" encoding="UTF-8"?>
<testsuite xmlns:xsi="http://www.w3.org/2001/XMLSchema-instance" xsi:noNamespaceSchemaLocation="https://maven.apache.org/surefire/maven-surefire-plugin/xsd/surefire-test-report.xsd" version="3.0.2" name="rs.ac.uns.ftn.isa.isa_project.IsaProjectApplicationTests" time="0.011" tests="1" errors="0" skipped="0" failures="0">
  <properties>
[...]
</properties>
  <testcase name="contextLoads" classname="rs.ac.uns.ftn.isa.isa_project.IsaProjectApplicationTests" time="0.005">
    <system-out><![CDATA[2026-01-07T18:58:38.856+01:00  INFO 18060 --- [isa-project] [           main] t.c.s.AnnotationConfigContextLoaderUtils : Could not detect default configuration classes for test class [rs.ac.uns.ftn.isa.isa_project.IsaProjectApplicationTests]: IsaProjectApplicationTests does not declare any static, non-private, non-final, nested classes annotated with @Configuration.
2026-01-07T18:58:38.858+01:00  INFO 18060 --- [isa-project] [           main] .b.t.c.SpringBootTestContextBootstrapper : Found @SpringBootConfiguration rs.ac.uns.ftn.isa.isa_project.IsaProjectApplication for test class rs.ac.uns.ftn.isa.isa_project.IsaProjectApplicationTests
]]></system-out>
  </testcase>
</testsuite>